<?xml version="1.0" encoding="utf-8"?><testsuites name="pytest tests"><testsuite name="pytest" errors="0" failures="0" skipped="0" tests="6" time="1.077" timestamp="2026-02-26T07:34:09.445709+00:00" hostname="agent-env-138ad832-5072-451c-b6fb-8d3661359a7a"><testcase classname="backend.tests.test_qr_extract.TestHealthEndpoint" name="test_health_returns_healthy" time="0.252" /><testcase classname="backend.tests.test_qr_extract.TestExtractQREndpoint" name="test_extract_qr_empty_pdf_list" time="0.358" /><testcase classname="backend.tests.test_qr_extract.TestExtractQREndpoint" name="test_extract_qr_invalid_base64" time="0.100" /><testcase classname="backend.tests.test_qr_extract.TestExtractQREndpoint" name="test_extract_qr_response_structure" time="0.110" /><testcase classname="backend.tests.test_qr_extract.TestExtractQREndpoint" name="test_extract_qr_missing_field" time="0.113" /><testcase classname="backend.tests.test_qr_extract.TestRootEndpoint" name="test_root_returns_message" time="0.094" /></testsuite></testsuites>