<?xml version="1.0" encoding="utf-8"?><testsuites name="pytest tests"><testsuite name="pytest" errors="0" failures="0" skipped="0" tests="7" time="1.104" timestamp="2026-02-26T09:05:14.330921+00:00" hostname="agent-env-138ad832-5072-451c-b6fb-8d3661359a7a"><testcase classname="tests.test_qr_extract.TestHealthEndpoint" name="test_health_returns_healthy" time="0.126" /><testcase classname="tests.test_qr_extract.TestExtractQREndpoint" name="test_extract_qr_empty_pdf_list" time="0.252" /><testcase classname="tests.test_qr_extract.TestExtractQREndpoint" name="test_extract_qr_invalid_base64" time="0.117" /><testcase classname="tests.test_qr_extract.TestExtractQREndpoint" name="test_extract_qr_response_structure" time="0.106" /><testcase classname="tests.test_qr_extract.TestExtractQREndpoint" name="test_extract_qr_missing_field" time="0.104" /><testcase classname="tests.test_qr_extract.TestExtractQRWithValidPDF" name="test_extract_qr_with_valid_pdf" time="0.241" /><testcase classname="tests.test_qr_extract.TestRootEndpoint" name="test_root_returns_message" time="0.103" /></testsuite></testsuites>